<?xml version="1.0" encoding="utf-8"?><testsuites name="pytest tests"><testsuite name="pytest" errors="0" failures="0" skipped="0" tests="31" time="17.011" timestamp="2026-05-05T13:58:47.308129+00:00" hostname="agent-env-709bd9c3-fdef-415c-9418-9998d4ff3c2c"><testcase classname="backend.tests.test_eves_backend" name="test_backend_login_available" time="0.887" /><testcase classname="backend.tests.test_eves_backend.TestAuth" name="test_login_success" time="0.354" /><testcase classname="backend.tests.test_eves_backend.TestAuth" name="test_login_invalid" time="0.384" /><testcase classname="backend.tests.test_eves_backend.TestAuth" name="test_register_new_user" time="0.344" /><testcase classname="backend.tests.test_eves_backend.TestAuth" name="test_me_endpoint" time="0.474" /><testcase classname="backend.tests.test_eves_backend.TestEvents" name="test_list_events" time="0.103" /><testcase classname="backend.tests.test_eves_backend.TestEvents" name="test_get_event_details" time="0.234" /><testcase classname="backend.tests.test_eves_backend.TestEvents" name="test_get_seats" time="0.107" /><testcase classname="backend.tests.test_eves_backend.TestEvents" name="test_availability" time="0.142" /><testcase classname="backend.tests.test_eves_backend.TestLocks" name="test_lock_and_release" time="0.409" /><testcase classname="backend.tests.test_eves_backend.TestLocks" name="test_concurrent_lock_conflict" time="0.902" /><testcase classname="backend.tests.test_eves_backend.TestLocks" name="test_lock_ttl_approx_5min" time="0.612" /><testcase classname="backend.tests.test_eves_backend.TestPayments" name="test_payment_success" time="1.550" /><testcase classname="backend.tests.test_eves_backend.TestPayments" name="test_payment_failure_releases" time="1.606" /><testcase classname="backend.tests.test_eves_backend.TestPayments" name="test_payment_timeout_releases" time="1.485" /><testcase classname="backend.tests.test_eves_backend.TestPayments" name="test_payment_crash_keeps_locked" time="1.785" /><testcase classname="backend.tests.test_eves_backend.TestAdmin" name="test_dashboard" time="0.123" /><testcase classname="backend.tests.test_eves_backend.TestAdmin" name="test_active_locks" time="0.117" /><testcase classname="backend.tests.test_eves_backend.TestAdmin" name="test_bookings_list" time="0.123" /><testcase classname="backend.tests.test_eves_backend.TestAdmin" name="test_recovery_logs" time="0.119" /><testcase classname="backend.tests.test_eves_backend.TestAdmin" name="test_recovery_stats" time="0.111" /><testcase classname="backend.tests.test_eves_backend.TestAdmin" name="test_non_admin_blocked" time="0.127" /><testcase classname="backend.tests.test_eves_backend.TestRace" name="test_race_20_users" time="1.414" /><testcase classname="backend.tests.test_eves_backend.TestCreateEventByCustomer" name="test_customer_can_create_event_with_seats_autogenerated" time="0.278" /><testcase classname="backend.tests.test_eves_backend.TestCreateEventByCustomer" name="test_create_event_requires_auth" time="0.111" /><testcase classname="backend.tests.test_eves_backend.TestImportEventsByCustomer" name="test_customer_import_mixed_rows" time="0.116" /><testcase classname="backend.tests.test_eves_backend.TestImportEventsByCustomer" name="test_import_requires_array" time="0.105" /><testcase classname="backend.tests.test_eves_backend.TestImportBookings" name="test_admin_import_bookings_success" time="0.513" /><testcase classname="backend.tests.test_eves_backend.TestImportBookings" name="test_admin_import_bookings_partial_failure" time="0.502" /><testcase classname="backend.tests.test_eves_backend.TestImportBookings" name="test_non_admin_blocked" time="0.341" /><testcase classname="backend.tests.test_eves_backend.TestImportBookings" name="test_anonymous_blocked" time="1.437" /></testsuite></testsuites>