<?xml version="1.0" encoding="utf-8"?><testsuites name="pytest tests"><testsuite name="pytest" errors="0" failures="1" skipped="0" tests="23" time="12.933" timestamp="2026-05-05T13:15:42.488701+00:00" hostname="agent-env-709bd9c3-fdef-415c-9418-9998d4ff3c2c"><testcase classname="backend.tests.test_eves_backend" name="test_backend_login_available" time="0.896" /><testcase classname="backend.tests.test_eves_backend.TestAuth" name="test_login_success" time="0.367" /><testcase classname="backend.tests.test_eves_backend.TestAuth" name="test_login_invalid" time="0.342" /><testcase classname="backend.tests.test_eves_backend.TestAuth" name="test_register_new_user" time="0.352" /><testcase classname="backend.tests.test_eves_backend.TestAuth" name="test_me_endpoint" time="0.437" /><testcase classname="backend.tests.test_eves_backend.TestEvents" name="test_list_events" time="0.097" /><testcase classname="backend.tests.test_eves_backend.TestEvents" name="test_get_event_details" time="0.223" /><testcase classname="backend.tests.test_eves_backend.TestEvents" name="test_get_seats" time="0.122" /><testcase classname="backend.tests.test_eves_backend.TestEvents" name="test_availability" time="0.151" /><testcase classname="backend.tests.test_eves_backend.TestLocks" name="test_lock_and_release" time="0.354" /><testcase classname="backend.tests.test_eves_backend.TestLocks" name="test_concurrent_lock_conflict" time="0.915" /><testcase classname="backend.tests.test_eves_backend.TestLocks" name="test_lock_ttl_approx_5min" time="0.343" /><testcase classname="backend.tests.test_eves_backend.TestPayments" name="test_payment_success" time="1.487" /><testcase classname="backend.tests.test_eves_backend.TestPayments" name="test_payment_failure_releases" time="1.481" /><testcase classname="backend.tests.test_eves_backend.TestPayments" name="test_payment_timeout_releases" time="1.450" /><testcase classname="backend.tests.test_eves_backend.TestPayments" name="test_payment_crash_keeps_locked" time="1.610" /><testcase classname="backend.tests.test_eves_backend.TestAdmin" name="test_dashboard" time="0.121" /><testcase classname="backend.tests.test_eves_backend.TestAdmin" name="test_active_locks" time="0.140" /><testcase classname="backend.tests.test_eves_backend.TestAdmin" name="test_bookings_list" time="0.123" /><testcase classname="backend.tests.test_eves_backend.TestAdmin" name="test_recovery_logs" time="0.147" /><testcase classname="backend.tests.test_eves_backend.TestAdmin" name="test_recovery_stats" time="0.138" /><testcase classname="backend.tests.test_eves_backend.TestAdmin" name="test_non_admin_blocked" time="0.122" /><testcase classname="backend.tests.test_eves_backend.TestRace" name="test_race_20_users" time="1.396"><failure message="AssertionError: Expected 1 success, got {'totalAttempts': 20, 'successCount': 0, 'failedCount': 20, 'timingMs': 6}&#10;assert 0 == 1&#10; +  where 0 = &lt;built-in method get of dict object at 0xfed67bb83300&gt;('successCount')&#10; +    where &lt;built-in method get of dict object at 0xfed67bb83300&gt; = {'failedCount': 20, 'successCount': 0, 'timingMs': 6, 'totalAttempts': 20}.get">backend/tests/test_eves_backend.py:352: in test_race_20_users
    assert d.get("successCount") == 1, f"Expected 1 success, got {d}"
E   AssertionError: Expected 1 success, got {'totalAttempts': 20, 'successCount': 0, 'failedCount': 20, 'timingMs': 6}
E   assert 0 == 1
E    +  where 0 = &lt;built-in method get of dict object at 0xfed67bb83300&gt;('successCount')
E    +    where &lt;built-in method get of dict object at 0xfed67bb83300&gt; = {'failedCount': 20, 'successCount': 0, 'timingMs': 6, 'totalAttempts': 20}.get</failure></testcase></testsuite></testsuites>